Starting Training

iter:      0 - lr:0.2500 - Batch Loss: 0.94441
iter:    100 - lr:0.2273 - Batch Loss: 0.86401
iter:    200 - lr:0.2083 - Batch Loss: 0.80884
iter:    300 - lr:0.1923 - Batch Loss: 0.73575
iter:    400 - lr:0.1786 - Batch Loss: 0.70747
iter:    500 - lr:0.1667 - Batch Loss: 0.60804
iter:    600 - lr:0.1562 - Batch Loss: 0.57172
iter:    700 - lr:0.1471 - Batch Loss: 0.43530
iter:    800 - lr:0.1389 - Batch Loss: 0.43484
iter:    900 - lr:0.1316 - Batch Loss: 0.47803
iter:   1000 - lr:0.1250 - Batch Loss: 0.37862
iter:   1100 - lr:0.1190 - Batch Loss: 0.31968
iter:   1200 - lr:0.1136 - Batch Loss: 0.36300
iter:   1300 - lr:0.1087 - Batch Loss: 0.32708
iter:   1400 - lr:0.1042 - Batch Loss: 0.33587
iter:   1500 - lr:0.1000 - Batch Loss: 0.25104
iter:   1600 - lr:0.0962 - Batch Loss: 0.35399
iter:   1700 - lr:0.0926 - Batch Loss: 0.33787
iter:   1800 - lr:0.0893 - Batch Loss: 0.27948
iter:   1900 - lr:0.0862 - Batch Loss: 0.37951
iter:   2000 - lr:0.0833 - Batch Loss: 0.27091
iter:   2100 - lr:0.0806 - Batch Loss: 0.23266
iter:   2200 - lr:0.0781 - Batch Loss: 0.29014
iter:   2300 - lr:0.0758 - Batch Loss: 0.30583
iter:   2400 - lr:0.0735 - Batch Loss: 0.31345
iter:   2500 - lr:0.0714 - Batch Loss: 0.27425
iter:   2600 - lr:0.0694 - Batch Loss: 0.23059
iter:   2700 - lr:0.0676 - Batch Loss: 0.28794
iter:   2800 - lr:0.0658 - Batch Loss: 0.18627
iter:   2900 - lr:0.0641 - Batch Loss: 0.28092
iter:   3000 - lr:0.0625 - Batch Loss: 0.32307
iter:   3100 - lr:0.0610 - Batch Loss: 0.29290
iter:   3200 - lr:0.0595 - Batch Loss: 0.21323
iter:   3300 - lr:0.0581 - Batch Loss: 0.26113
iter:   3400 - lr:0.0568 - Batch Loss: 0.15775
iter:   3500 - lr:0.0556 - Batch Loss: 0.25478
iter:   3600 - lr:0.0543 - Batch Loss: 0.35158
iter:   3700 - lr:0.0532 - Batch Loss: 0.17504
iter:   3800 - lr:0.0521 - Batch Loss: 0.22560
iter:   3900 - lr:0.0510 - Batch Loss: 0.25153
iter:   4000 - lr:0.0500 - Batch Loss: 0.20056
iter:   4100 - lr:0.0490 - Batch Loss: 0.21902
iter:   4200 - lr:0.0481 - Batch Loss: 0.12845
iter:   4300 - lr:0.0472 - Batch Loss: 0.22272
iter:   4400 - lr:0.0463 - Batch Loss: 0.23445
iter:   4500 - lr:0.0455 - Batch Loss: 0.24846
iter:   4600 - lr:0.0446 - Batch Loss: 0.22144
iter:   4700 - lr:0.0439 - Batch Loss: 0.18082
iter:   4800 - lr:0.0431 - Batch Loss: 0.23092
iter:   4900 - lr:0.0424 - Batch Loss: 0.10141
iter:   5000 - lr:0.0417 - Batch Loss: 0.27314
iter:   5100 - lr:0.0410 - Batch Loss: 0.16146
iter:   5200 - lr:0.0403 - Batch Loss: 0.27466
iter:   5300 - lr:0.0397 - Batch Loss: 0.23471
iter:   5400 - lr:0.0391 - Batch Loss: 0.18761
iter:   5500 - lr:0.0385 - Batch Loss: 0.27851
iter:   5600 - lr:0.0379 - Batch Loss: 0.18341
iter:   5700 - lr:0.0373 - Batch Loss: 0.17674
iter:   5800 - lr:0.0368 - Batch Loss: 0.22368
iter:   5900 - lr:0.0362 - Batch Loss: 0.23213
iter:   6000 - lr:0.0357 - Batch Loss: 0.14312
iter:   6100 - lr:0.0352 - Batch Loss: 0.13423
iter:   6200 - lr:0.0347 - Batch Loss: 0.12272
iter:   6300 - lr:0.0342 - Batch Loss: 0.18569
iter:   6400 - lr:0.0338 - Batch Loss: 0.22234
iter:   6500 - lr:0.0333 - Batch Loss: 0.18806
iter:   6600 - lr:0.0329 - Batch Loss: 0.10324
iter:   6700 - lr:0.0325 - Batch Loss: 0.19968
iter:   6800 - lr:0.0321 - Batch Loss: 0.14036
iter:   6900 - lr:0.0316 - Batch Loss: 0.21708
iter:   7000 - lr:0.0312 - Batch Loss: 0.16159
iter:   7100 - lr:0.0309 - Batch Loss: 0.14452
iter:   7200 - lr:0.0305 - Batch Loss: 0.20983
iter:   7300 - lr:0.0301 - Batch Loss: 0.18914
iter:   7400 - lr:0.0298 - Batch Loss: 0.17740
iter:   7500 - lr:0.0294 - Batch Loss: 0.15517
iter:   7600 - lr:0.0291 - Batch Loss: 0.20200
iter:   7700 - lr:0.0287 - Batch Loss: 0.12162
iter:   7800 - lr:0.0284 - Batch Loss: 0.22570
iter:   7900 - lr:0.0281 - Batch Loss: 0.26609
iter:   8000 - lr:0.0278 - Batch Loss: 0.15581
iter:   8100 - lr:0.0275 - Batch Loss: 0.28477
iter:   8200 - lr:0.0272 - Batch Loss: 0.08912
iter:   8300 - lr:0.0269 - Batch Loss: 0.18896
iter:   8400 - lr:0.0266 - Batch Loss: 0.22781
iter:   8500 - lr:0.0263 - Batch Loss: 0.28968
iter:   8600 - lr:0.0260 - Batch Loss: 0.22714
iter:   8700 - lr:0.0258 - Batch Loss: 0.17415
iter:   8800 - lr:0.0255 - Batch Loss: 0.17974
iter:   8900 - lr:0.0253 - Batch Loss: 0.21092
iter:   9000 - lr:0.0250 - Batch Loss: 0.21221
iter:   9100 - lr:0.0248 - Batch Loss: 0.16955
iter:   9200 - lr:0.0245 - Batch Loss: 0.20645
iter:   9300 - lr:0.0243 - Batch Loss: 0.31665
iter:   9400 - lr:0.0240 - Batch Loss: 0.12291
iter:   9500 - lr:0.0238 - Batch Loss: 0.24875
iter:   9600 - lr:0.0236 - Batch Loss: 0.15248
iter:   9700 - lr:0.0234 - Batch Loss: 0.10269
iter:   9800 - lr:0.0231 - Batch Loss: 0.24969
iter:   9900 - lr:0.0229 - Batch Loss: 0.18281
Starting epoch: 9999
----------------------------
Final loss: 0.19036517268447786




         ..*##*.
        *#######.
       *###***##.
      .##*.. .*#*
      .#*.   .##.
       ..    *##.
            .##*.
           .###.
           .##*
          *##*.
         .###.
         *##*
        .##*.
       .*##*
       *##*.
       ###.
       ###...... ....****.
       ########***#######.
       *##############*...
        ....*###*...





Expected:  [0 0 1 0 0 0 0 0 0 0]
Actual:  [0.04991913196005427 0.0007074146477746343 0.762174013350586 0.029636887627904555 2.5915132410486813e-05 0.03829240769800062 0.1578415968927871 2.747431935708405e-05 0.01369902079901559 4.2436252810667506e-05]
GUESS:  2





                .....*..
              .**###*###
           .*###########
           .#######*****
       .*. .###*....
      .*#.  . ..
     .*#*.
    .*##.
    .##.
    *#*
    ###..
    #####*.......
    *############*
    ..############.
        ..*#######*
          .##*.*##*
          .###*###*
          .*#####*.
           .*###.
             .*.




Expected:  [0 0 0 0 0 1 0 0 0 0]
Actual:  [0.011585305090281805 0.0005269344972297738 0.041378233008125806 3.444750867281018e-06 0.15207107735852715 0.026541210544398914 0.761031936293034 0.00011878371726207034 0.007900719750076977 0.004030299886142174]
GUESS:  6







          .**.
         .###.
        .####*.
        *######..
       .##**####.
       .#* ..###*.
       .#.   *##*.
       *#*   ###*
       .#*..*####.
       .#####*.*#*
        .###*. *##.
         .**.  .*#*
                .##.
                .*#.
                 .##.
                  .#*.
                  .##.
                   .#*
                    *#.
                    .#.


Expected:  [0 0 0 0 0 0 0 0 0 1]
Actual:  [1.0671133436307486e-05 0.016756677455292496 0.000926982251016613 0.0071636748005291205 0.09234422755696817 0.022358221479908576 0.004204765218679496 0.009343429033764637 0.023611297554196373 0.711692639326762]
GUESS:  9






               .#..
              .###.
              .##*.
             .*##.
             .###
             *##*
             *##.
            .###
            .##*
            *##.
           .###
           .##*
           *##.
          .##*
          .##*
          .##.
          *#*.
         .*#*
         .*#*
          .*.



Expected:  [0 1 0 0 0 0 0 0 0 0]
Actual:  [5.006945675779126e-06 0.9583993786688592 0.02309401810887601 0.03229721609269078 0.0025078198153112427 0.005579748300040913 0.001751397320186434 0.060600070911897876 0.011407144266493505 0.011412619456901162]
GUESS:  1






         .#       ..
         .#       **
        .*#       .*.
        .#*       .#.
       .#*.       *#.
       *#.       .##.
      .#*        *#*.
      *#.       .##.
     .##        *#*
     .#*        *#*
     .**.      .##.
      *#*....***##.
      .*##########.
        .....  *##
               .##.
               .##
               .##
               *##
               ##.
               *.



Expected:  [0 0 0 0 1 0 0 0 0 0]
Actual:  [0.0010103488351084645 0.00013720907625005323 0.012031852570410348 6.678469305221772e-05 0.8341133653303254 0.0033341384403484417 0.01143691173947982 0.024782047444357084 0.005392551925213336 0.039442457744819484]
GUESS:  4








     .***..
     ######*********.
     ....*##########*
          ........##.
                 .#*.
                .##.
                *##.
               .##.
               *#*.
              .*#.
              .#*
             .##.
            .##*
           .*##.
           .##.
          .##..
          *##.
         .###.
         .###.
         .#*.

Expected:  [0 0 0 0 0 0 0 1 0 0]
Actual:  [0.01044845672325647 0.0001362311801177905 0.01316557677943753 0.03449313220711739 0.00036091995993136515 0.0027971987157350987 1.1430441255398245e-05 0.9859014793099409 0.0005121675282025715 0.009953118176692656]
GUESS:  7





           .*#*.
           .###.
          .*###.
         .*####*..
         #########.
        *##########
       .#####*...##.
      .#####*.  .###..
      .###*.     .###.
      .##*.      .*##.
      .##        .*##*
      *##        .###.
      *##      ..####.
      *##      *####.
      *##     *####*
      ###..########
      .###########*
      .#########*..
       .*######.
         .*#*...




Expected:  [1 0 0 0 0 0 0 0 0 0]
Actual:  [0.975675633631187 2.160218603514121e-06 0.007449596456095104 0.0010736074271143735 2.5053243010779606e-05 0.017954173147023914 0.010807154244852608 0.01295131398794991 0.0010022430297180753 0.0003630346240269683]
GUESS:  0








            ..***..
          .*#######**.
        .*####**#*###.
       *###**.  *.*###.
     ..###..    *..###.
     .###.    ...####*.
     .###.*****######.
     .*############*.
       .******####*.
             *###..
            .###.
           .###*.
          .####.
          *###.
         .###*
        .###*.
        .###.
        *##*
        ###.
        .#.

Expected:  [0 0 0 0 0 0 0 0 0 1]
Actual:  [0.0006896591189708759 0.0001556602102179626 9.45931284563866e-05 0.0002614831631534226 0.0814348849454808 0.009269019939387788 0.000883004531877072 0.2098876573745627 0.02959234418567107 0.7874858459148999]
GUESS:  9






        .**.        ...
       .##*        .##.
      .*#*         *#.
      .##.        .#*.
     .*#.        .##.
     *#*.        .#*
     *#*.      .*##
     *##**....**##*
     .############.
      ..*##***.##*
              .#*.
              *#.
             .##.
             *#*
             ##.
            .##
            *#* ..
            *#*.**
            *###*.
            .*...



Expected:  [0 0 0 0 1 0 0 0 0 0]
Actual:  [6.914752381566795e-05 0.001074883832271123 4.319057112240209e-05 0.003383786646916171 0.9436841581233115 0.25613553768843966 0.0042006385193511745 0.008575736660899544 0.05405161144072653 0.03975184775058263]
GUESS:  4





               .#.
               .#.
               *#
              .#*
              .#.
              *#.
             .#*
             .#*
             *#.
            .#*.
            .#*
            *#.
           .#*
           .#*
           *#*
           ##.
          .##.
          *#*.
         .*#.
         .**.




Expected:  [0 1 0 0 0 0 0 0 0 0]
Actual:  [1.2321180610325103e-05 0.9277383259345386 0.01974294277369275 0.011311841995749647 0.004582335739662056 0.013230487776094839 0.015295205449548883 0.02957364389461629 0.004048803703796198 0.0056798565913056456]
GUESS:  1
